<?xml version="1.0" encoding="UTF-8"?>
<!-- Generated by org.testng.reporters.JUnitReportReporter -->
<testsuite hostname="DESKTOP-4NU0F65" failures="0" tests="1" name="rtCampAssignment.CreateWishList" time="37.817" errors="0" timestamp="2024-03-03T22:33:17 IST" skipped="0">
  <testcase classname="rtCampAssignment.CreateWishList" name="create_wish_list" time="37.817"/>
  <system-out/>
</testsuite> <!-- rtCampAssignment.CreateWishList -->
