<?xml version="1.0" encoding="UTF-8"?>
<!-- Generated by org.testng.reporters.JUnitReportReporter -->
<testsuite hostname="DESKTOP-4NU0F65" failures="0" tests="4" name="newproject.LoginValidations" time="52.916" errors="0" timestamp="2024-03-02T23:10:57 IST" skipped="0">
  <testcase classname="newproject.LoginValidations" name="amazon_login_empty_email" time="16.981"/>
  <system-out/>
  <testcase classname="newproject.LoginValidations" name="amazon_login_invalid_email" time="11.156"/>
  <system-out/>
  <testcase classname="newproject.LoginValidations" name="amazon_login_invalid_pass" time="12.267"/>
  <system-out/>
  <testcase classname="newproject.LoginValidations" name="amazon_login_positive" time="12.512"/>
  <system-out/>
</testsuite> <!-- newproject.LoginValidations -->
