<?xml version="1.0" encoding="UTF-8"?>
<!-- Generated by org.testng.reporters.JUnitReportReporter -->
<testsuite hostname="DESKTOP-4NU0F65" failures="0" tests="1" name="rtCampAssignment.ProductCheckout" time="36.160" errors="0" timestamp="2024-03-03T22:30:21 IST" skipped="0">
  <testcase classname="rtCampAssignment.ProductCheckout" name="amazon_product_checkout" time="36.160"/>
  <system-out/>
</testsuite> <!-- rtCampAssignment.ProductCheckout -->
