<?xml version="1.0" encoding="UTF-8"?>
<!-- Generated by org.testng.reporters.JUnitReportReporter -->
<testsuite hostname="DESKTOP-4NU0F65" failures="0" tests="1" name="rtCampAssignment.SearchFunctionality" time="10.225" errors="0" timestamp="2024-03-03T16:27:26 IST" skipped="0">
  <testcase classname="rtCampAssignment.SearchFunctionality" name="search_functionality" time="10.225"/>
  <system-out/>
</testsuite> <!-- rtCampAssignment.SearchFunctionality -->
